app/proguard-rules.pro
# Add project specific ProGuard rules here.
# You can control the set of applied configuration files using the
# proguardFiles setting in build.gradle.
#
# For more details, see
#   http://developer.android.com/guide/developing/tools/proguard.html

# If your project uses WebView with JS, uncomment the following
# and specify the fully qualified class name to the JavaScript interface
# class:
# Uncomment this to preserve the line number information for
# debugging stack traces.
#-keepattributes SourceFile,LineNumberTable

# If you keep the line number information, uncomment this to
# hide the original source file name.
#-renamesourcefileattribute SourceFile
-ignorewarnings
-dontusemixedcaseclassnames
-dontwarn javax.annotation.**
-dontwarn javax.inject.**
-keep class com.aurora.common.entity.**{*;}
##Kotlin
-keepnames class kotlinx.coroutines.internal.MainDispatcherFactory {}
-keepnames class kotlinx.coroutines.CoroutineExceptionHandler {}
-keepclassmembernames class kotlinx.** {
    volatile <fields>;
}
##Android
-keep public class * extends androidx.appcompat.app.AppCompatActivity{
    public <fields>;
	public <methods>;
}
-keep public class * extends android.app.Appliction{
    public <fields>;
    public <methods>;
}
-keep public class * extends android.app.Service
-keep public class * extends android.content.BroadcastReceiver
-keep public class * extends android.content.ContentProvider
-keep public class * extends android.app.backup.BackupAgentHelper
-keep public class * extends android.preference.Preference
-keep public class * extends android.view.View
-keep public class com.android.vending.licensing.ILicensingService
-keepclassmembers enum * {
    public static **[] values();
    public static ** valueOf(java.lang.String);
}
-keepclasseswithmembers class * {
	public <init>(android.content.Context, android.util.AttributeSet);
}
-keepclasseswithmembers class * {
	public <init>(android.content.Context, android.util.AttributeSet, int);
}
-keep class * implements android.os.Parcelable {
  public static final android.os.Parcelable$Creator *;
}
##

## Okio
-dontwarn okio.**
-keep class okio.**{*;}
##OkHttp
-dontwarn okhttp3.**
-dontwarn org.conscrypt.**
-keepnames class okhttp3.internal.publicsuffix.PublicSuffixDatabase
-keep class okhttp3.**{*;}
## Retrofit
-keepattributes Signature
-keepattributes Exceptions
-dontwarn retrofit2.**
-dontwarn org.codehaus.mojo.animal_sniffer.IgnoreJRERequirement
##RxJava RxAndroid
-dontwarn sun.misc.**
-keepclassmembers class rx.internal.util.unsafe.*ArrayQueue*Field* {
    long producerIndex;
    long consumerIndex;
}
-keepclassmembers class rx.internal.util.unsafe.BaseLinkedQueueProducerNodeRef {
    rx.internal.util.atomic.LinkedQueueNode producerNode;
}
-keepclassmembers class rx.internal.util.unsafe.BaseLinkedQueueConsumerNodeRef {
    rx.internal.util.atomic.LinkedQueueNode consumerNode;
}
##Glide
-keep public class * implements com.bumptech.glide.module.GlideModule
-keep public class * extends com.bumptech.glide.AppGlideModule
-keep public enum com.bumptech.glide.load.resource.bitmap.ImageHeaderParser$** {
  **[] $VALUES;
  public *;
}
-dontwarn com.squareup.picasso.**
-dontwarn com.zhihu.matisse.engine.impl.GlideEngine
##JPush
-dontoptimize
-dontpreverify
-dontwarn cn.jpush.**
-keep class cn.jpush.** { *; }
-keep class * extends cn.jpush.android.helpers.JPushMessageReceiver { *; }
-dontwarn cn.jiguang.**
-keep class cn.jiguang.** { *; }
##Mi push
-dontwarn com.xiaomi.push.**
-keep class com.xiaomi.push.**{*;}
##HMS push
-keep class com.huawei.hms.**{*;}
-keep interface com.huawei.android.hms.agent.common.INoProguard {*;}
-keep class * extends com.huawei.android.hms.agent.common.INoProguard {*;}
##OPPO push
-dontwarn com.coloros.mcsdk.**
-keep class com.coloros.mcsdk.** { *; }
##WeiXin
-keep class com.tencent.mm.opensdk.** {*;}
-keep class com.tencent.wxop.** {*;}
-keep class com.tencent.mm.sdk.** {*;}
# amap
-dontwarn com.amap.api.col.**
-keep class com.amap.api.maps.**{*;}
-keep class com.autonavi.**{*;}
-keep class com.amap.api.trace.**{*;}
-keep class com.amap.api.location.**{*;}
-keep class com.amap.api.fence.**{*;}
-keep class com.autonavi.aps.amapapi.model.**{*;}
-keep class com.amap.api.services.**{*;}
# bugly
-dontwarn com.tencent.bugly.**
-keep public class com.tencent.bugly.**{*;}
-keep class android.support.**{*;}
## matisse
-keep public class com.alibaba.android.arouter.routes.**{*;}
-keep public class com.alibaba.android.arouter.facade.**{*;}
-keep class * implements com.alibaba.android.arouter.facade.template.ISyringe{*;}

# If you use the byType method to obtain Service, add the following rules to protect the interface:
-keep interface * implements com.alibaba.android.arouter.facade.template.IProvider

# If single-type injection is used, that is, no interface is defined to implement IProvider, the following rules need to be added to protect the implementation
# -keep class * implements com.alibaba.android.arouter.facade.template.IProvider

#基线包使用，生成mapping.txt
-printmapping mapping.txt
#生成的mapping.txt在app/build/outputs/mapping/release路径下，移动到/app路径下
#修复后的项目使用，保证混淆结果一致
#-applymapping mapping.txt
#hotfix
-keep class com.taobao.sophix.**{*;}
-keep class com.ta.utdid2.device.**{*;}
-dontwarn com.alibaba.sdk.android.utils.**
#防止inline
-dontoptimize

-keepclassmembers class com.aurora.system.App {
    public <init>();
}
-keepclassmembers class com.aurora.common.BaseApplication {
    public <init>();
}
# 如果不使用android.support.annotation.Keep则需加上此行
#-keep class systemtem.SophixStubApplication$RealApplicationStub