app/mapping.txt
# compiler: R8
# compiler_version: 1.4.77
# min_api: 19
com.aurora.system.App -> b.c.e.a:
    void initConfigure(boolean) -> a
com.aurora.system.Home.ByItemDataSource -> b.c.e.a.d:
    kotlin.Lazy mGitHubService$delegate -> d
    kotlin.reflect.KProperty[] $$delegatedProperties -> c
    io.reactivex.disposables.CompositeDisposable compositeDisposable -> e
    java.lang.Long getKey(com.aurora.common.entity.HomeEntity) -> a
    java.lang.Object getKey(java.lang.Object) -> a
    void loadAfter(androidx.paging.ItemKeyedDataSource$LoadParams,androidx.paging.ItemKeyedDataSource$LoadCallback) -> a
    void loadInitial(androidx.paging.ItemKeyedDataSource$LoadInitialParams,androidx.paging.ItemKeyedDataSource$LoadInitialCallback) -> a
    void loadBefore(androidx.paging.ItemKeyedDataSource$LoadParams,androidx.paging.ItemKeyedDataSource$LoadCallback) -> b
    com.aurora.common.api.ConfigApi getMGitHubService() -> d
com.aurora.system.Home.ByItemDataSource$loadAfter$1 -> b.c.e.a.a:
    androidx.paging.ItemKeyedDataSource$LoadCallback $callback -> c
    com.aurora.system.Home.ByItemDataSource this$0 -> b
    void fail(com.aurora.common.rxJava.ApiThrowable) -> a
    void success(java.util.List) -> a
    void success(java.lang.Object) -> b
com.aurora.system.Home.ByItemDataSource$loadInitial$1 -> b.c.e.a.b:
    androidx.paging.ItemKeyedDataSource$LoadInitialCallback $callback -> c
    com.aurora.system.Home.ByItemDataSource this$0 -> b
    void fail(com.aurora.common.rxJava.ApiThrowable) -> a
    void success(java.util.List) -> a
    void success(java.lang.Object) -> b
com.aurora.system.Home.ByItemDataSource$mGitHubService$2 -> b.c.e.a.c:
    com.aurora.system.Home.ByItemDataSource$mGitHubService$2 INSTANCE -> b
    com.aurora.common.api.ConfigApi invoke() -> b
    java.lang.Object invoke() -> b
com.aurora.system.Home.ByItemDataSourceFactory -> b.c.e.a.e:
    io.reactivex.disposables.CompositeDisposable compositeDisposable -> a
    androidx.paging.DataSource create() -> a
com.aurora.system.Home.ByItemViewModel -> b.c.e.a.f:
    androidx.lifecycle.LiveData accounts -> c
    androidx.lifecycle.LiveData getAccounts() -> d
com.aurora.system.Home.HomeAdapter -> b.c.e.a.h:
    java.lang.Object PAYLOAD_SCORE -> f
    androidx.recyclerview.widget.DiffUtil$ItemCallback POST_COMPARATOR -> g
    com.aurora.system.Home.HomeAdapter$Companion Companion -> h
    com.aurora.common.recycler.BaseViewHolder onViewHolder(android.view.ViewGroup) -> a
    java.lang.Object access$getPAYLOAD_SCORE$cp() -> e
com.aurora.system.Home.HomeAdapter$Companion -> b.c.e.a.h$a:
    boolean access$sameExceptScore(com.aurora.system.Home.HomeAdapter$Companion,com.aurora.common.entity.HomeEntity,com.aurora.common.entity.HomeEntity) -> a
    boolean sameExceptScore(com.aurora.common.entity.HomeEntity,com.aurora.common.entity.HomeEntity) -> a
com.aurora.system.Home.HomeAdapter$Companion$POST_COMPARATOR$1 -> b.c.e.a.g:
    boolean areContentsTheSame(com.aurora.common.entity.HomeEntity,com.aurora.common.entity.HomeEntity) -> a
    boolean areContentsTheSame(java.lang.Object,java.lang.Object) -> a
    boolean areItemsTheSame(com.aurora.common.entity.HomeEntity,com.aurora.common.entity.HomeEntity) -> b
    boolean areItemsTheSame(java.lang.Object,java.lang.Object) -> b
    java.lang.Object getChangePayload(com.aurora.common.entity.HomeEntity,com.aurora.common.entity.HomeEntity) -> c
    java.lang.Object getChangePayload(java.lang.Object,java.lang.Object) -> c
com.aurora.system.Home.HomeFragment -> b.c.e.a.i:
    com.aurora.system.Home.HomeFragment$Companion Companion -> da
    java.util.HashMap _$_findViewCache -> ea
    void onDestroyView() -> N
    void initConfigure(android.view.View) -> b
    android.view.View _$_findCachedViewById(int) -> c
    void _$_clearFindViewByIdCache() -> fa
    void bindLiveData() -> ga
    void injectListener() -> ja
    int setLayoutId() -> ka
com.aurora.system.Home.HomeFragment$Companion -> b.c.e.a.i$a:
    com.aurora.system.Home.HomeFragment newInstance() -> a
...
kotlin.reflect.jvm.internal.impl.util.CheckResult$SuccessCheck -> e.h.b.a.b.m.c$c:
    kotlin.reflect.jvm.internal.impl.util.CheckResult$SuccessCheck INSTANCE -> b
kotlin.reflect.jvm.internal.impl.util.Checks -> e.h.b.a.b.m.g:
    java.util.Collection nameList -> c
    kotlin.reflect.jvm.internal.impl.name.Name name -> a
    kotlin.reflect.jvm.internal.impl.util.Check[] checks -> e
    kotlin.text.Regex regex -> b
    kotlin.jvm.functions.Function1 additionalCheck -> d
    kotlin.reflect.jvm.internal.impl.util.CheckResult checkAll(kotlin.reflect.jvm.internal.impl.descriptors.FunctionDescriptor) -> a
    boolean isApplicable(kotlin.reflect.jvm.internal.impl.descriptors.FunctionDescriptor) -> b
kotlin.reflect.jvm.internal.impl.util.Checks$2 -> e.h.b.a.b.m.d:
    kotlin.reflect.jvm.internal.impl.util.Checks$2 INSTANCE -> b
    java.lang.Object invoke(java.lang.Object) -> a
    java.lang.Void invoke(kotlin.reflect.jvm.internal.impl.descriptors.FunctionDescriptor) -> a
kotlin.reflect.jvm.internal.impl.util.Checks$3 -> e.h.b.a.b.m.e:
    kotlin.reflect.jvm.internal.impl.util.Checks$3 INSTANCE -> b
    java.lang.Object invoke(java.lang.Object) -> a
    java.lang.Void invoke(kotlin.reflect.jvm.internal.impl.descriptors.FunctionDescriptor) -> a
kotlin.reflect.jvm.internal.impl.util.Checks$4 -> e.h.b.a.b.m.f:
    kotlin.reflect.jvm.internal.impl.util.Checks$4 INSTANCE -> b
    java.lang.Object invoke(java.lang.Object) -> a
    java.lang.Void invoke(kotlin.reflect.jvm.internal.impl.descriptors.FunctionDescriptor) -> a
kotlin.reflect.jvm.internal.impl.util.IsKPropertyCheck -> e.h.b.a.b.m.h:
    kotlin.reflect.jvm.internal.impl.util.IsKPropertyCheck INSTANCE -> b
    java.lang.String description -> a
    java.lang.String getDescription() -> a
    java.lang.String invoke(kotlin.reflect.jvm.internal.impl.descriptors.FunctionDescriptor) -> a
    boolean check(kotlin.reflect.jvm.internal.impl.descriptors.FunctionDescriptor) -> b
kotlin.reflect.jvm.internal.impl.util.MemberKindCheck -> e.h.b.a.b.m.i:
    java.lang.String description -> a
    java.lang.String getDescription() -> a
    java.lang.String invoke(kotlin.reflect.jvm.internal.impl.descriptors.FunctionDescriptor) -> a
kotlin.reflect.jvm.internal.impl.util.MemberKindCheck$Member -> e.h.b.a.b.m.i$a:
    kotlin.reflect.jvm.internal.impl.util.MemberKindCheck$Member INSTANCE -> b
    boolean check(kotlin.reflect.jvm.internal.impl.descriptors.FunctionDescriptor) -> b
kotlin.reflect.jvm.internal.impl.util.MemberKindCheck$MemberOrExtension -> e.h.b.a.b.m.i$b:
    kotlin.reflect.jvm.internal.impl.util.MemberKindCheck$MemberOrExtension INSTANCE -> b
    boolean check(kotlin.reflect.jvm.internal.impl.descriptors.FunctionDescriptor) -> b
kotlin.reflect.jvm.internal.impl.util.ModuleVisibilityHelper -> e.h.b.a.b.m.j:
    boolean isInFriendModule(kotlin.reflect.jvm.internal.impl.descriptors.DeclarationDescriptor,kotlin.reflect.jvm.internal.impl.descriptors.DeclarationDescriptor) -> a
kotlin.reflect.jvm.internal.impl.util.ModuleVisibilityHelper$EMPTY -> e.h.b.a.b.m.j$a:
    kotlin.reflect.jvm.internal.impl.util.ModuleVisibilityHelper$EMPTY INSTANCE -> a
    boolean isInFriendModule(kotlin.reflect.jvm.internal.impl.descriptors.DeclarationDescriptor,kotlin.reflect.jvm.internal.impl.descriptors.DeclarationDescriptor) -> a
kotlin.reflect.jvm.internal.impl.util.NoDefaultAndVarargsCheck -> e.h.b.a.b.m.k:
    kotlin.reflect.jvm.internal.impl.util.NoDefaultAndVarargsCheck INSTANCE -> b
    java.lang.String description -> a
    java.lang.String getDescription() -> a
    java.lang.String invoke(kotlin.reflect.jvm.internal.impl.descriptors.FunctionDescriptor) -> a
    boolean check(kotlin.reflect.jvm.internal.impl.descriptors.FunctionDescriptor) -> b
kotlin.reflect.jvm.internal.impl.util.OperatorChecks -> e.h.b.a.b.m.p:
    java.util.List checks -> a
    kotlin.reflect.jvm.internal.impl.util.OperatorChecks INSTANCE -> b
    java.util.List getChecks$descriptors() -> a